{"C:/Users/janni/Desktop/inprocode/src/App.jsx": {"path":"C:/Users/janni/Desktop/inprocode/src/App.jsx","statementMap":{"0":{"start":{"line":12,"column":2},"end":{"line":19,"column":null}}},"fnMap":{"0":{"name":"App","decl":{"start":{"line":11,"column":9},"end":{"line":11,"column":15}},"loc":{"start":{"line":11,"column":15},"end":{"line":21,"column":null}}}},"branchMap":{},"s":{"0":1},"f":{"0":1},"b":{}}
,"C:/Users/janni/Desktop/inprocode/src/components/detailsWeek/DetailsWeek.jsx": {"path":"C:/Users/janni/Desktop/inprocode/src/components/detailsWeek/DetailsWeek.jsx","statementMap":{"0":{"start":{"line":7,"column":2},"end":{"line":14,"column":null}}},"fnMap":{"0":{"name":"DetailsWeek","decl":{"start":{"line":6,"column":24},"end":{"line":6,"column":38}},"loc":{"start":{"line":6,"column":38},"end":{"line":16,"column":null}}}},"branchMap":{},"s":{"0":1},"f":{"0":1},"b":{}}
,"C:/Users/janni/Desktop/inprocode/src/components/detailsWeek/change/Change.jsx": {"path":"C:/Users/janni/Desktop/inprocode/src/components/detailsWeek/change/Change.jsx","statementMap":{"0":{"start":{"line":6,"column":31},"end":{"line":6,"column":null}},"1":{"start":{"line":7,"column":16},"end":{"line":7,"column":null}},"2":{"start":{"line":9,"column":2},"end":{"line":19,"column":null}}},"fnMap":{"0":{"name":"Change","decl":{"start":{"line":5,"column":24},"end":{"line":5,"column":33}},"loc":{"start":{"line":5,"column":33},"end":{"line":21,"column":null}}}},"branchMap":{"0":{"loc":{"start":{"line":12,"column":9},"end":{"line":16,"column":null}},"type":"cond-expr","locations":[{"start":{"line":13,"column":12},"end":{"line":13,"column":null}},{"start":{"line":14,"column":12},"end":{"line":16,"column":null}}]},"1":{"loc":{"start":{"line":14,"column":12},"end":{"line":16,"column":null}},"type":"cond-expr","locations":[{"start":{"line":15,"column":14},"end":{"line":15,"column":null}},{"start":{"line":16,"column":14},"end":{"line":16,"column":null}}]}},"s":{"0":5,"1":5,"2":5},"f":{"0":5},"b":{"0":[2,3],"1":[1,2]}}
,"C:/Users/janni/Desktop/inprocode/src/components/detailsWeek/graphic/Graphic.jsx": {"path":"C:/Users/janni/Desktop/inprocode/src/components/detailsWeek/graphic/Graphic.jsx","statementMap":{"0":{"start":{"line":8,"column":17},"end":{"line":8,"column":null}},"1":{"start":{"line":9,"column":16},"end":{"line":9,"column":null}},"2":{"start":{"line":10,"column":26},"end":{"line":10,"column":null}},"3":{"start":{"line":11,"column":25},"end":{"line":11,"column":null}},"4":{"start":{"line":13,"column":2},"end":{"line":110,"column":null}},"5":{"start":{"line":14,"column":16},"end":{"line":14,"column":null}},"6":{"start":{"line":15,"column":18},"end":{"line":15,"column":null}},"7":{"start":{"line":16,"column":19},"end":{"line":16,"column":null}},"8":{"start":{"line":17,"column":19},"end":{"line":17,"column":null}},"9":{"start":{"line":19,"column":4},"end":{"line":19,"column":null}},"10":{"start":{"line":20,"column":4},"end":{"line":20,"column":null}},"11":{"start":{"line":22,"column":26},"end":{"line":25,"column":null}},"12":{"start":{"line":27,"column":21},"end":{"line":27,"column":null}},"13":{"start":{"line":29,"column":28},"end":{"line":31,"column":null}},"14":{"start":{"line":30,"column":6},"end":{"line":30,"column":null}},"15":{"start":{"line":33,"column":14},"end":{"line":37,"column":null}},"16":{"start":{"line":35,"column":39},"end":{"line":35,"column":45}},"17":{"start":{"line":39,"column":14},"end":{"line":43,"column":null}},"18":{"start":{"line":41,"column":47},"end":{"line":41,"column":56}},"19":{"start":{"line":45,"column":22},"end":{"line":45,"column":null}},"20":{"start":{"line":47,"column":4},"end":{"line":55,"column":null}},"21":{"start":{"line":57,"column":23},"end":{"line":60,"column":null}},"22":{"start":{"line":62,"column":4},"end":{"line":62,"column":null}},"23":{"start":{"line":62,"column":48},"end":{"line":62,"column":69}},"24":{"start":{"line":64,"column":4},"end":{"line":68,"column":null}},"25":{"start":{"line":70,"column":4},"end":{"line":75,"column":null}},"26":{"start":{"line":77,"column":22},"end":{"line":77,"column":null}},"27":{"start":{"line":78,"column":4},"end":{"line":91,"column":null}},"28":{"start":{"line":83,"column":24},"end":{"line":83,"column":33}},"29":{"start":{"line":84,"column":24},"end":{"line":84,"column":36}},"30":{"start":{"line":86,"column":29},"end":{"line":86,"column":66}},"31":{"start":{"line":88,"column":8},"end":{"line":88,"column":null}},"32":{"start":{"line":93,"column":18},"end":{"line":96,"column":null}},"33":{"start":{"line":96,"column":25},"end":{"line":96,"column":26}},"34":{"start":{"line":98,"column":23},"end":{"line":101,"column":null}},"35":{"start":{"line":103,"column":4},"end":{"line":103,"column":null}},"36":{"start":{"line":104,"column":4},"end":{"line":104,"column":null}},"37":{"start":{"line":106,"column":4},"end":{"line":109,"column":null}},"38":{"start":{"line":112,"column":2},"end":{"line":118,"column":null}}},"fnMap":{"0":{"name":"Graphic","decl":{"start":{"line":7,"column":24},"end":{"line":7,"column":34}},"loc":{"start":{"line":7,"column":34},"end":{"line":120,"column":null}}},"1":{"name":"(anonymous_1)","decl":{"start":{"line":13,"column":12},"end":{"line":13,"column":18}},"loc":{"start":{"line":13,"column":18},"end":{"line":110,"column":5}}},"2":{"name":"(anonymous_2)","decl":{"start":{"line":29,"column":28},"end":{"line":29,"column":29}},"loc":{"start":{"line":29,"column":45},"end":{"line":31,"column":null}}},"3":{"name":"(anonymous_3)","decl":{"start":{"line":35,"column":32},"end":{"line":35,"column":33}},"loc":{"start":{"line":35,"column":39},"end":{"line":35,"column":45}}},"4":{"name":"(anonymous_4)","decl":{"start":{"line":41,"column":40},"end":{"line":41,"column":41}},"loc":{"start":{"line":41,"column":47},"end":{"line":41,"column":56}}},"5":{"name":"(anonymous_5)","decl":{"start":{"line":62,"column":38},"end":{"line":62,"column":39}},"loc":{"start":{"line":62,"column":48},"end":{"line":62,"column":69}}},"6":{"name":"(anonymous_6)","decl":{"start":{"line":83,"column":17},"end":{"line":83,"column":18}},"loc":{"start":{"line":83,"column":24},"end":{"line":83,"column":33}}},"7":{"name":"(anonymous_7)","decl":{"start":{"line":84,"column":17},"end":{"line":84,"column":18}},"loc":{"start":{"line":84,"column":24},"end":{"line":84,"column":36}}},"8":{"name":"(anonymous_8)","decl":{"start":{"line":86,"column":22},"end":{"line":86,"column":23}},"loc":{"start":{"line":86,"column":29},"end":{"line":86,"column":66}}},"9":{"name":"(anonymous_9)","decl":{"start":{"line":87,"column":20},"end":{"line":87,"column":21}},"loc":{"start":{"line":88,"column":8},"end":{"line":88,"column":null}}},"10":{"name":"(anonymous_10)","decl":{"start":{"line":96,"column":18},"end":{"line":96,"column":19}},"loc":{"start":{"line":96,"column":25},"end":{"line":96,"column":26}}}},"branchMap":{"0":{"loc":{"start":{"line":88,"column":8},"end":{"line":88,"column":null}},"type":"cond-expr","locations":[{"start":{"line":88,"column":33},"end":{"line":88,"column":45}},{"start":{"line":88,"column":45},"end":{"line":88,"column":null}}]}},"s":{"0":1,"1":1,"2":1,"3":1,"4":1,"5":1,"6":1,"7":1,"8":1,"9":1,"10":1,"11":1,"12":1,"13":1,"14":7,"15":1,"16":7,"17":1,"18":7,"19":1,"20":1,"21":1,"22":1,"23":7,"24":1,"25":1,"26":1,"27":1,"28":7,"29":7,"30":7,"31":7,"32":1,"33":2,"34":1,"35":1,"36":1,"37":1,"38":1},"f":{"0":1,"1":1,"2":7,"3":7,"4":7,"5":7,"6":7,"7":7,"8":7,"9":7,"10":2},"b":{"0":[1,6]}}
,"C:/Users/janni/Desktop/inprocode/src/components/detailsWeek/todaysExpense/TodaysExpense.jsx": {"path":"C:/Users/janni/Desktop/inprocode/src/components/detailsWeek/todaysExpense/TodaysExpense.jsx","statementMap":{"0":{"start":{"line":6,"column":28},"end":{"line":6,"column":null}},"1":{"start":{"line":7,"column":16},"end":{"line":7,"column":null}},"2":{"start":{"line":9,"column":2},"end":{"line":13,"column":null}}},"fnMap":{"0":{"name":"TodaysExpense","decl":{"start":{"line":5,"column":24},"end":{"line":5,"column":40}},"loc":{"start":{"line":5,"column":40},"end":{"line":15,"column":null}}}},"branchMap":{},"s":{"0":2,"1":2,"2":2},"f":{"0":2},"b":{}}
,"C:/Users/janni/Desktop/inprocode/src/components/language/LanguageButtons.jsx": {"path":"C:/Users/janni/Desktop/inprocode/src/components/language/LanguageButtons.jsx","statementMap":{"0":{"start":{"line":5,"column":25},"end":{"line":7,"column":null}},"1":{"start":{"line":5,"column":35},"end":{"line":7,"column":null}},"2":{"start":{"line":6,"column":4},"end":{"line":6,"column":null}},"3":{"start":{"line":8,"column":2},"end":{"line":34,"column":null}}},"fnMap":{"0":{"name":"LanguageButtons","decl":{"start":{"line":4,"column":24},"end":{"line":4,"column":42}},"loc":{"start":{"line":4,"column":42},"end":{"line":36,"column":null}}},"1":{"name":"(anonymous_1)","decl":{"start":{"line":5,"column":25},"end":{"line":5,"column":26}},"loc":{"start":{"line":5,"column":35},"end":{"line":7,"column":null}}},"2":{"name":"(anonymous_2)","decl":{"start":{"line":5,"column":35},"end":{"line":5,"column":41}},"loc":{"start":{"line":5,"column":41},"end":{"line":7,"column":null}}}},"branchMap":{},"s":{"0":1,"1":4,"2":4,"3":1},"f":{"0":1,"1":4,"2":4},"b":{}}
,"C:/Users/janni/Desktop/inprocode/src/components/weeklyBalance/WeeklyBalance.jsx": {"path":"C:/Users/janni/Desktop/inprocode/src/components/weeklyBalance/WeeklyBalance.jsx","statementMap":{"0":{"start":{"line":8,"column":28},"end":{"line":8,"column":null}},"1":{"start":{"line":9,"column":16},"end":{"line":9,"column":null}},"2":{"start":{"line":11,"column":2},"end":{"line":26,"column":null}}},"fnMap":{"0":{"name":"WeeklyBalance","decl":{"start":{"line":7,"column":24},"end":{"line":7,"column":40}},"loc":{"start":{"line":7,"column":40},"end":{"line":28,"column":null}}}},"branchMap":{},"s":{"0":1,"1":1,"2":1},"f":{"0":1},"b":{}}
,"C:/Users/janni/Desktop/inprocode/src/components/weeklyBalance/buttons/LeftButton.jsx": {"path":"C:/Users/janni/Desktop/inprocode/src/components/weeklyBalance/buttons/LeftButton.jsx","statementMap":{"0":{"start":{"line":8,"column":40},"end":{"line":8,"column":null}},"1":{"start":{"line":10,"column":42},"end":{"line":10,"column":null}},"2":{"start":{"line":12,"column":22},"end":{"line":19,"column":null}},"3":{"start":{"line":13,"column":4},"end":{"line":18,"column":null}},"4":{"start":{"line":14,"column":6},"end":{"line":14,"column":null}},"5":{"start":{"line":16,"column":6},"end":{"line":16,"column":null}},"6":{"start":{"line":17,"column":6},"end":{"line":17,"column":null}},"7":{"start":{"line":17,"column":23},"end":{"line":17,"column":46}},"8":{"start":{"line":21,"column":2},"end":{"line":32,"column":null}}},"fnMap":{"0":{"name":"LeftButton","decl":{"start":{"line":7,"column":24},"end":{"line":7,"column":37}},"loc":{"start":{"line":7,"column":37},"end":{"line":34,"column":null}}},"1":{"name":"(anonymous_1)","decl":{"start":{"line":12,"column":22},"end":{"line":12,"column":28}},"loc":{"start":{"line":12,"column":28},"end":{"line":19,"column":null}}},"2":{"name":"(anonymous_2)","decl":{"start":{"line":17,"column":17},"end":{"line":17,"column":23}},"loc":{"start":{"line":17,"column":23},"end":{"line":17,"column":46}}}},"branchMap":{"0":{"loc":{"start":{"line":13,"column":4},"end":{"line":18,"column":null}},"type":"if","locations":[{"start":{"line":13,"column":4},"end":{"line":18,"column":null}},{"start":{},"end":{}}]},"1":{"loc":{"start":{"line":24,"column":201},"end":{"line":24,"column":222}},"type":"cond-expr","locations":[{"start":{"line":24,"column":215},"end":{"line":24,"column":220}},{"start":{"line":24,"column":220},"end":{"line":24,"column":222}}]}},"s":{"0":8,"1":8,"2":8,"3":3,"4":2,"5":2,"6":2,"7":2,"8":8},"f":{"0":8,"1":3,"2":2},"b":{"0":[2,1],"1":[2,6]}}
,"C:/Users/janni/Desktop/inprocode/src/components/weeklyBalance/buttons/NewButton.jsx": {"path":"C:/Users/janni/Desktop/inprocode/src/components/weeklyBalance/buttons/NewButton.jsx","statementMap":{"0":{"start":{"line":6,"column":40},"end":{"line":6,"column":null}},"1":{"start":{"line":8,"column":42},"end":{"line":8,"column":null}},"2":{"start":{"line":10,"column":22},"end":{"line":17,"column":null}},"3":{"start":{"line":11,"column":4},"end":{"line":16,"column":null}},"4":{"start":{"line":12,"column":6},"end":{"line":12,"column":null}},"5":{"start":{"line":14,"column":6},"end":{"line":14,"column":null}},"6":{"start":{"line":15,"column":6},"end":{"line":15,"column":null}},"7":{"start":{"line":15,"column":23},"end":{"line":15,"column":46}},"8":{"start":{"line":19,"column":2},"end":{"line":48,"column":null}}},"fnMap":{"0":{"name":"CoolButton","decl":{"start":{"line":5,"column":24},"end":{"line":5,"column":37}},"loc":{"start":{"line":5,"column":37},"end":{"line":50,"column":null}}},"1":{"name":"(anonymous_1)","decl":{"start":{"line":10,"column":22},"end":{"line":10,"column":28}},"loc":{"start":{"line":10,"column":28},"end":{"line":17,"column":null}}},"2":{"name":"(anonymous_2)","decl":{"start":{"line":15,"column":17},"end":{"line":15,"column":23}},"loc":{"start":{"line":15,"column":23},"end":{"line":15,"column":46}}}},"branchMap":{"0":{"loc":{"start":{"line":11,"column":4},"end":{"line":16,"column":null}},"type":"if","locations":[{"start":{"line":11,"column":4},"end":{"line":16,"column":null}},{"start":{},"end":{}}]},"1":{"loc":{"start":{"line":23,"column":210},"end":{"line":23,"column":239}},"type":"cond-expr","locations":[{"start":{"line":23,"column":224},"end":{"line":23,"column":233}},{"start":{"line":23,"column":233},"end":{"line":23,"column":239}}]},"2":{"loc":{"start":{"line":28,"column":133},"end":{"line":28,"column":171}},"type":"cond-expr","locations":[{"start":{"line":28,"column":147},"end":{"line":28,"column":169}},{"start":{"line":28,"column":169},"end":{"line":28,"column":171}}]}},"s":{"0":8,"1":8,"2":8,"3":3,"4":2,"5":2,"6":2,"7":2,"8":8},"f":{"0":8,"1":3,"2":2},"b":{"0":[2,1],"1":[2,6],"2":[2,6]}}
,"C:/Users/janni/Desktop/inprocode/src/context/BalanceContext.jsx": {"path":"C:/Users/janni/Desktop/inprocode/src/context/BalanceContext.jsx","statementMap":{"0":{"start":{"line":4,"column":23},"end":{"line":4,"column":null}},"1":{"start":{"line":6,"column":24},"end":{"line":58,"column":null}},"2":{"start":{"line":7,"column":44},"end":{"line":7,"column":null}},"3":{"start":{"line":8,"column":44},"end":{"line":8,"column":null}},"4":{"start":{"line":9,"column":50},"end":{"line":9,"column":null}},"5":{"start":{"line":10,"column":40},"end":{"line":10,"column":null}},"6":{"start":{"line":12,"column":2},"end":{"line":19,"column":null}},"7":{"start":{"line":13,"column":20},"end":{"line":16,"column":null}},"8":{"start":{"line":14,"column":22},"end":{"line":14,"column":null}},"9":{"start":{"line":18,"column":4},"end":{"line":18,"column":null}},"10":{"start":{"line":21,"column":2},"end":{"line":27,"column":null}},"11":{"start":{"line":22,"column":26},"end":{"line":24,"column":null}},"12":{"start":{"line":24,"column":30},"end":{"line":24,"column":51}},"13":{"start":{"line":26,"column":4},"end":{"line":26,"column":null}},"14":{"start":{"line":29,"column":2},"end":{"line":43,"column":null}},"15":{"start":{"line":30,"column":26},"end":{"line":32,"column":null}},"16":{"start":{"line":32,"column":30},"end":{"line":32,"column":51}},"17":{"start":{"line":33,"column":30},"end":{"line":35,"column":null}},"18":{"start":{"line":35,"column":30},"end":{"line":35,"column":51}},"19":{"start":{"line":37,"column":10},"end":{"line":40,"column":null}},"20":{"start":{"line":42,"column":4},"end":{"line":42,"column":null}},"21":{"start":{"line":45,"column":2},"end":{"line":56,"column":null}}},"fnMap":{"0":{"name":"(anonymous_0)","decl":{"start":{"line":6,"column":24},"end":{"line":6,"column":25}},"loc":{"start":{"line":6,"column":42},"end":{"line":58,"column":null}}},"1":{"name":"(anonymous_1)","decl":{"start":{"line":12,"column":12},"end":{"line":12,"column":18}},"loc":{"start":{"line":12,"column":18},"end":{"line":19,"column":5}}},"2":{"name":"(anonymous_2)","decl":{"start":{"line":14,"column":6},"end":{"line":14,"column":7}},"loc":{"start":{"line":14,"column":22},"end":{"line":14,"column":null}}},"3":{"name":"(anonymous_3)","decl":{"start":{"line":21,"column":12},"end":{"line":21,"column":18}},"loc":{"start":{"line":21,"column":18},"end":{"line":27,"column":5}}},"4":{"name":"(anonymous_4)","decl":{"start":{"line":24,"column":14},"end":{"line":24,"column":15}},"loc":{"start":{"line":24,"column":30},"end":{"line":24,"column":51}}},"5":{"name":"(anonymous_5)","decl":{"start":{"line":29,"column":12},"end":{"line":29,"column":18}},"loc":{"start":{"line":29,"column":18},"end":{"line":43,"column":5}}},"6":{"name":"(anonymous_6)","decl":{"start":{"line":32,"column":14},"end":{"line":32,"column":15}},"loc":{"start":{"line":32,"column":30},"end":{"line":32,"column":51}}},"7":{"name":"(anonymous_7)","decl":{"start":{"line":35,"column":14},"end":{"line":35,"column":15}},"loc":{"start":{"line":35,"column":30},"end":{"line":35,"column":51}}}},"branchMap":{},"s":{"0":8,"1":8,"2":9,"3":9,"4":9,"5":9,"6":9,"7":4,"8":32,"9":4,"10":9,"11":4,"12":4,"13":4,"14":9,"15":4,"16":4,"17":4,"18":4,"19":4,"20":4,"21":9},"f":{"0":9,"1":4,"2":32,"3":4,"4":4,"5":4,"6":4,"7":4},"b":{}}
,"C:/Users/janni/Desktop/inprocode/src/data/exampleData.jsx": {"path":"C:/Users/janni/Desktop/inprocode/src/data/exampleData.jsx","statementMap":{"0":{"start":{"line":1,"column":27},"end":{"line":58,"column":null}}},"fnMap":{},"branchMap":{},"s":{"0":7},"f":{},"b":{}}
,"C:/Users/janni/Desktop/inprocode/src/i18n/i18n.js": {"path":"C:/Users/janni/Desktop/inprocode/src/i18n/i18n.js","statementMap":{"0":{"start":{"line":4,"column":0},"end":{"line":44,"column":3}}},"fnMap":{},"branchMap":{},"s":{"0":1},"f":{},"b":{}}
,"C:/Users/janni/Desktop/inprocode/src/i18n/i18n.test.js": {"path":"C:/Users/janni/Desktop/inprocode/src/i18n/i18n.test.js","statementMap":{"0":{"start":{"line":4,"column":0},"end":{"line":20,"column":3}},"1":{"start":{"line":5,"column":2},"end":{"line":19,"column":5}},"2":{"start":{"line":6,"column":4},"end":{"line":6,"column":37}},"3":{"start":{"line":8,"column":4},"end":{"line":8,"column":53}},"4":{"start":{"line":10,"column":22},"end":{"line":10,"column":46}},"5":{"start":{"line":11,"column":4},"end":{"line":13,"column":7}},"6":{"start":{"line":12,"column":6},"end":{"line":12,"column":78}},"7":{"start":{"line":15,"column":4},"end":{"line":17,"column":6}},"8":{"start":{"line":18,"column":4},"end":{"line":18,"column":75}}},"fnMap":{"0":{"name":"(anonymous_0)","decl":{"start":{"line":4,"column":31},"end":{"line":4,"column":32}},"loc":{"start":{"line":4,"column":37},"end":{"line":20,"column":1}}},"1":{"name":"(anonymous_1)","decl":{"start":{"line":5,"column":70},"end":{"line":5,"column":71}},"loc":{"start":{"line":5,"column":76},"end":{"line":19,"column":3}}},"2":{"name":"(anonymous_2)","decl":{"start":{"line":11,"column":22},"end":{"line":11,"column":23}},"loc":{"start":{"line":11,"column":32},"end":{"line":13,"column":5}}}},"branchMap":{},"s":{"0":1,"1":1,"2":1,"3":1,"4":1,"5":1,"6":4,"7":1,"8":1},"f":{"0":1,"1":1,"2":4},"b":{}}
}
